<?xml version="1.0" encoding="UTF-8"?>
<testsuite name="LineTest" tests="1" skipped="0" failures="0" errors="0" timestamp="2022-05-16T11:07:49" hostname="DESKTOP-1GIRFS4" time="0.061">
  <properties/>
  <testcase name="move()" classname="LineTest" time="0.061"/>
  <system-out><![CDATA[]]></system-out>
  <system-err><![CDATA[]]></system-err>
</testsuite>
